<?xml version="1.0" encoding="UTF-8"?>
<coverage generated="1753790261921" clover="3.2.0">
  <project timestamp="1753790261922" name="All files">
    <metrics statements="267" coveredstatements="228" conditionals="197" coveredconditionals="160" methods="21" coveredmethods="21" elements="485" coveredelements="409" complexity="0" loc="267" ncloc="267" packages="1" files="1" classes="1"/>
    <file name="calculator.js" path="D:\trainne-repositories\calculator-repo\src\calculator.js">
      <metrics statements="267" coveredstatements="228" conditionals="197" coveredconditionals="160" methods="21" coveredmethods="21"/>
      <line num="3" count="72" type="stmt"/>
      <line num="4" count="72" type="stmt"/>
      <line num="5" count="72" type="stmt"/>
      <line num="6" count="72" type="stmt"/>
      <line num="7" count="72" type="stmt"/>
      <line num="11" count="3" type="cond" truecount="2" falsecount="0"/>
      <line num="13" count="3" type="stmt"/>
      <line num="17" count="5" type="stmt"/>
      <line num="18" count="5" type="stmt"/>
      <line num="19" count="5" type="stmt"/>
      <line num="20" count="5" type="stmt"/>
      <line num="24" count="5" type="cond" truecount="1" falsecount="1"/>
      <line num="26" count="5" type="cond" truecount="2" falsecount="2"/>
      <line num="27" count="0" type="stmt"/>
      <line num="30" count="5" type="cond" truecount="2" falsecount="0"/>
      <line num="31" count="3" type="stmt"/>
      <line num="32" count="3" type="stmt"/>
      <line num="34" count="2" type="stmt"/>
      <line num="35" count="2" type="stmt"/>
      <line num="40" count="3" type="cond" truecount="2" falsecount="0"/>
      <line num="44" count="29" type="stmt"/>
      <line num="45" count="29" type="cond" truecount="1" falsecount="1"/>
      <line num="49" count="0" type="stmt"/>
      <line num="50" count="0" type="stmt"/>
      <line num="51" count="0" type="stmt"/>
      <line num="53" count="29" type="cond" truecount="2" falsecount="0"/>
      <line num="54" count="15" type="stmt"/>
      <line num="57" count="14" type="stmt"/>
      <line num="59" count="14" type="cond" truecount="4" falsecount="0"/>
      <line num="61" count="12" type="stmt"/>
      <line num="62" count="12" type="stmt"/>
      <line num="64" count="12" type="cond" truecount="3" falsecount="1"/>
      <line num="65" count="0" type="stmt"/>
      <line num="70" count="12" type="cond" truecount="3" falsecount="3"/>
      <line num="72" count="9" type="stmt"/>
      <line num="73" count="9" type="stmt"/>
      <line num="75" count="0" type="stmt"/>
      <line num="76" count="0" type="stmt"/>
      <line num="78" count="0" type="stmt"/>
      <line num="79" count="0" type="stmt"/>
      <line num="81" count="2" type="cond" truecount="2" falsecount="0"/>
      <line num="82" count="2" type="stmt"/>
      <line num="85" count="1" type="stmt"/>
      <line num="88" count="12" type="stmt"/>
      <line num="89" count="12" type="stmt"/>
      <line num="91" count="15" type="stmt"/>
      <line num="96" count="29" type="stmt"/>
      <line num="97" count="29" type="cond" truecount="2" falsecount="0"/>
      <line num="98" count="2" type="stmt"/>
      <line num="100" count="2" type="cond" truecount="2" falsecount="0"/>
      <line num="101" count="2" type="stmt"/>
      <line num="103" count="2" type="cond" truecount="4" falsecount="1"/>
      <line num="104" count="0" type="stmt"/>
      <line num="107" count="2" type="stmt"/>
      <line num="110" count="27" type="cond" truecount="2" falsecount="0"/>
      <line num="111" count="3" type="stmt"/>
      <line num="112" count="3" type="stmt"/>
      <line num="113" count="3" type="stmt"/>
      <line num="115" count="3" type="cond" truecount="4" falsecount="1"/>
      <line num="116" count="0" type="stmt"/>
      <line num="119" count="3" type="stmt"/>
      <line num="122" count="24" type="stmt"/>
      <line num="123" count="24" type="cond" truecount="2" falsecount="0"/>
      <line num="124" count="1" type="stmt"/>
      <line num="126" count="23" type="stmt"/>
      <line num="128" count="1" type="stmt"/>
      <line num="129" count="1" type="stmt"/>
      <line num="134" count="2" type="stmt"/>
      <line num="135" count="2" type="cond" truecount="2" falsecount="0"/>
      <line num="136" count="1" type="stmt"/>
      <line num="139" count="1" type="cond" truecount="3" falsecount="1"/>
      <line num="140" count="1" type="stmt"/>
      <line num="142" count="1" type="cond" truecount="3" falsecount="1"/>
      <line num="143" count="1" type="stmt"/>
      <line num="144" count="1" type="cond" truecount="1" falsecount="1"/>
      <line num="145" count="0" type="stmt"/>
      <line num="147" count="1" type="stmt"/>
      <line num="148" count="1" type="stmt"/>
      <line num="149" count="1" type="stmt"/>
      <line num="151" count="0" type="stmt"/>
      <line num="154" count="0" type="stmt"/>
      <line num="155" count="0" type="stmt"/>
      <line num="157" count="1" type="stmt"/>
      <line num="159" count="1" type="stmt"/>
      <line num="164" count="4" type="stmt"/>
      <line num="165" count="4" type="cond" truecount="2" falsecount="0"/>
      <line num="166" count="1" type="stmt"/>
      <line num="169" count="3" type="cond" truecount="4" falsecount="0"/>
      <line num="170" count="1" type="stmt"/>
      <line num="172" count="1" type="cond" truecount="3" falsecount="1"/>
      <line num="173" count="1" type="stmt"/>
      <line num="174" count="1" type="cond" truecount="1" falsecount="1"/>
      <line num="175" count="0" type="stmt"/>
      <line num="177" count="1" type="stmt"/>
      <line num="178" count="1" type="cond" truecount="1" falsecount="1"/>
      <line num="179" count="0" type="stmt"/>
      <line num="181" count="1" type="stmt"/>
      <line num="182" count="1" type="stmt"/>
      <line num="184" count="0" type="stmt"/>
      <line num="187" count="2" type="stmt"/>
      <line num="188" count="2" type="cond" truecount="2" falsecount="0"/>
      <line num="189" count="1" type="stmt"/>
      <line num="191" count="1" type="stmt"/>
      <line num="193" count="2" type="stmt"/>
      <line num="195" count="2" type="stmt"/>
      <line num="199" count="2" type="stmt"/>
      <line num="200" count="2" type="cond" truecount="1" falsecount="1"/>
      <line num="201" count="0" type="stmt"/>
      <line num="204" count="2" type="cond" truecount="4" falsecount="0"/>
      <line num="205" count="1" type="stmt"/>
      <line num="207" count="1" type="cond" truecount="3" falsecount="1"/>
      <line num="208" count="1" type="stmt"/>
      <line num="209" count="1" type="cond" truecount="1" falsecount="1"/>
      <line num="210" count="0" type="stmt"/>
      <line num="212" count="1" type="stmt"/>
      <line num="213" count="1" type="stmt"/>
      <line num="214" count="1" type="stmt"/>
      <line num="217" count="1" type="stmt"/>
      <line num="218" count="1" type="cond" truecount="1" falsecount="1"/>
      <line num="219" count="0" type="stmt"/>
      <line num="221" count="1" type="stmt"/>
      <line num="223" count="2" type="stmt"/>
      <line num="225" count="0" type="stmt"/>
      <line num="226" count="0" type="stmt"/>
      <line num="231" count="8" type="cond" truecount="2" falsecount="0"/>
      <line num="235" count="4" type="stmt"/>
      <line num="236" count="4" type="cond" truecount="2" falsecount="0"/>
      <line num="237" count="1" type="stmt"/>
      <line num="240" count="3" type="cond" truecount="4" falsecount="0"/>
      <line num="241" count="2" type="stmt"/>
      <line num="243" count="2" type="cond" truecount="4" falsecount="0"/>
      <line num="244" count="1" type="stmt"/>
      <line num="245" count="1" type="cond" truecount="1" falsecount="1"/>
      <line num="246" count="0" type="stmt"/>
      <line num="248" count="1" type="stmt"/>
      <line num="249" count="1" type="cond" truecount="1" falsecount="1"/>
      <line num="250" count="0" type="stmt"/>
      <line num="252" count="1" type="stmt"/>
      <line num="254" count="1" type="stmt"/>
      <line num="257" count="1" type="stmt"/>
      <line num="258" count="1" type="cond" truecount="1" falsecount="1"/>
      <line num="259" count="0" type="stmt"/>
      <line num="261" count="1" type="stmt"/>
      <line num="263" count="3" type="stmt"/>
      <line num="265" count="1" type="stmt"/>
      <line num="266" count="1" type="stmt"/>
      <line num="271" count="4" type="stmt"/>
      <line num="272" count="4" type="cond" truecount="2" falsecount="0"/>
      <line num="273" count="1" type="stmt"/>
      <line num="276" count="3" type="cond" truecount="4" falsecount="0"/>
      <line num="277" count="1" type="stmt"/>
      <line num="279" count="1" type="cond" truecount="3" falsecount="1"/>
      <line num="280" count="1" type="stmt"/>
      <line num="281" count="1" type="cond" truecount="1" falsecount="1"/>
      <line num="282" count="0" type="stmt"/>
      <line num="284" count="1" type="stmt"/>
      <line num="285" count="1" type="cond" truecount="1" falsecount="1"/>
      <line num="286" count="0" type="stmt"/>
      <line num="288" count="1" type="stmt"/>
      <line num="289" count="1" type="stmt"/>
      <line num="292" count="2" type="stmt"/>
      <line num="293" count="2" type="cond" truecount="2" falsecount="0"/>
      <line num="294" count="1" type="stmt"/>
      <line num="296" count="1" type="stmt"/>
      <line num="298" count="2" type="stmt"/>
      <line num="300" count="2" type="stmt"/>
      <line num="301" count="2" type="stmt"/>
      <line num="306" count="4" type="stmt"/>
      <line num="307" count="4" type="cond" truecount="2" falsecount="0"/>
      <line num="308" count="1" type="stmt"/>
      <line num="311" count="3" type="cond" truecount="4" falsecount="0"/>
      <line num="312" count="2" type="stmt"/>
      <line num="314" count="2" type="cond" truecount="4" falsecount="0"/>
      <line num="315" count="1" type="stmt"/>
      <line num="316" count="1" type="cond" truecount="1" falsecount="1"/>
      <line num="317" count="0" type="stmt"/>
      <line num="319" count="1" type="stmt"/>
      <line num="320" count="1" type="cond" truecount="1" falsecount="1"/>
      <line num="321" count="0" type="stmt"/>
      <line num="323" count="1" type="stmt"/>
      <line num="324" count="1" type="stmt"/>
      <line num="327" count="1" type="stmt"/>
      <line num="328" count="1" type="cond" truecount="1" falsecount="1"/>
      <line num="329" count="0" type="stmt"/>
      <line num="331" count="1" type="stmt"/>
      <line num="333" count="3" type="stmt"/>
      <line num="335" count="1" type="stmt"/>
      <line num="336" count="1" type="stmt"/>
      <line num="341" count="5" type="stmt"/>
      <line num="342" count="5" type="cond" truecount="2" falsecount="0"/>
      <line num="343" count="1" type="stmt"/>
      <line num="346" count="4" type="cond" truecount="4" falsecount="0"/>
      <line num="347" count="1" type="stmt"/>
      <line num="349" count="1" type="cond" truecount="3" falsecount="1"/>
      <line num="350" count="1" type="stmt"/>
      <line num="351" count="1" type="cond" truecount="1" falsecount="1"/>
      <line num="352" count="1" type="stmt"/>
      <line num="354" count="0" type="stmt"/>
      <line num="355" count="0" type="cond" truecount="0" falsecount="2"/>
      <line num="356" count="0" type="stmt"/>
      <line num="358" count="0" type="stmt"/>
      <line num="359" count="0" type="stmt"/>
      <line num="362" count="3" type="stmt"/>
      <line num="363" count="3" type="cond" truecount="2" falsecount="0"/>
      <line num="364" count="1" type="stmt"/>
      <line num="366" count="2" type="stmt"/>
      <line num="367" count="2" type="cond" truecount="1" falsecount="1"/>
      <line num="368" count="0" type="stmt"/>
      <line num="370" count="2" type="stmt"/>
      <line num="372" count="2" type="stmt"/>
      <line num="374" count="3" type="stmt"/>
      <line num="379" count="5" type="stmt"/>
      <line num="380" count="5" type="cond" truecount="2" falsecount="0"/>
      <line num="381" count="1" type="stmt"/>
      <line num="384" count="4" type="cond" truecount="2" falsecount="0"/>
      <line num="385" count="1" type="stmt"/>
      <line num="388" count="3" type="cond" truecount="2" falsecount="0"/>
      <line num="389" count="1" type="stmt"/>
      <line num="392" count="2" type="stmt"/>
      <line num="394" count="3" type="stmt"/>
      <line num="399" count="4" type="stmt"/>
      <line num="400" count="4" type="cond" truecount="2" falsecount="0"/>
      <line num="401" count="1" type="stmt"/>
      <line num="404" count="3" type="cond" truecount="4" falsecount="0"/>
      <line num="405" count="2" type="stmt"/>
      <line num="407" count="2" type="cond" truecount="3" falsecount="1"/>
      <line num="408" count="2" type="stmt"/>
      <line num="409" count="2" type="cond" truecount="2" falsecount="0"/>
      <line num="410" count="1" type="stmt"/>
      <line num="411" count="1" type="stmt"/>
      <line num="412" count="1" type="cond" truecount="1" falsecount="1"/>
      <line num="413" count="1" type="stmt"/>
      <line num="414" count="1" type="stmt"/>
      <line num="416" count="2" type="stmt"/>
      <line num="419" count="1" type="stmt"/>
      <line num="420" count="1" type="cond" truecount="1" falsecount="1"/>
      <line num="421" count="0" type="stmt"/>
      <line num="423" count="1" type="stmt"/>
      <line num="426" count="1" type="stmt"/>
      <line num="431" count="5" type="stmt"/>
      <line num="432" count="5" type="cond" truecount="2" falsecount="0"/>
      <line num="433" count="1" type="stmt"/>
      <line num="436" count="4" type="stmt"/>
      <line num="438" count="4" type="stmt"/>
      <line num="439" count="4" type="cond" truecount="2" falsecount="0"/>
      <line num="440" count="1" type="stmt"/>
      <line num="443" count="3" type="stmt"/>
      <line num="445" count="2" type="stmt"/>
      <line num="450" count="5" type="stmt"/>
      <line num="451" count="5" type="cond" truecount="2" falsecount="0"/>
      <line num="452" count="1" type="stmt"/>
      <line num="455" count="4" type="stmt"/>
      <line num="457" count="4" type="stmt"/>
      <line num="458" count="4" type="cond" truecount="2" falsecount="0"/>
      <line num="459" count="1" type="stmt"/>
      <line num="462" count="3" type="stmt"/>
      <line num="464" count="2" type="stmt"/>
      <line num="469" count="1" type="stmt"/>
      <line num="470" count="1" type="stmt"/>
      <line num="472" count="0" type="stmt"/>
      <line num="477" count="4" type="stmt"/>
      <line num="478" count="4" type="cond" truecount="2" falsecount="0"/>
      <line num="479" count="1" type="stmt"/>
      <line num="482" count="3" type="cond" truecount="2" falsecount="0"/>
      <line num="483" count="2" type="stmt"/>
      <line num="486" count="3" type="stmt"/>
      <line num="488" count="1" type="stmt"/>
    </file>
  </project>
</coverage>
