{"D:\\trainne-repositories\\calculator-repo\\src\\calculator.js": {"path":"D:\\trainne-repositories\\calculator-repo\\src\\calculator.js","statementMap":{"0":{"start":{"line":3,"column":4},"end":{"line":3,"column":27}},"1":{"start":{"line":4,"column":4},"end":{"line":4,"column":23}},"2":{"start":{"line":5,"column":4},"end":{"line":5,"column":23}},"3":{"start":{"line":6,"column":4},"end":{"line":6,"column":20}},"4":{"start":{"line":7,"column":4},"end":{"line":7,"column":21}},"5":{"start":{"line":11,"column":4},"end":{"line":11,"column":44}},"6":{"start":{"line":11,"column":28},"end":{"line":11,"column":44}},"7":{"start":{"line":13,"column":4},"end":{"line":13,"column":24}},"8":{"start":{"line":17,"column":4},"end":{"line":17,"column":27}},"9":{"start":{"line":18,"column":4},"end":{"line":18,"column":23}},"10":{"start":{"line":19,"column":4},"end":{"line":19,"column":23}},"11":{"start":{"line":20,"column":4},"end":{"line":20,"column":21}},"12":{"start":{"line":24,"column":4},"end":{"line":24,"column":34}},"13":{"start":{"line":24,"column":27},"end":{"line":24,"column":34}},"14":{"start":{"line":26,"column":4},"end":{"line":28,"column":5}},"15":{"start":{"line":27,"column":6},"end":{"line":27,"column":23}},"16":{"start":{"line":30,"column":4},"end":{"line":36,"column":5}},"17":{"start":{"line":31,"column":6},"end":{"line":31,"column":23}},"18":{"start":{"line":32,"column":6},"end":{"line":32,"column":25}},"19":{"start":{"line":34,"column":6},"end":{"line":34,"column":48}},"20":{"start":{"line":35,"column":6},"end":{"line":35,"column":25}},"21":{"start":{"line":40,"column":4},"end":{"line":40,"column":48}},"22":{"start":{"line":44,"column":4},"end":{"line":92,"column":5}},"23":{"start":{"line":45,"column":6},"end":{"line":52,"column":7}},"24":{"start":{"line":49,"column":23},"end":{"line":49,"column":53}},"25":{"start":{"line":50,"column":8},"end":{"line":50,"column":39}},"26":{"start":{"line":51,"column":8},"end":{"line":51,"column":15}},"27":{"start":{"line":53,"column":6},"end":{"line":55,"column":7}},"28":{"start":{"line":54,"column":8},"end":{"line":54,"column":45}},"29":{"start":{"line":57,"column":20},"end":{"line":57,"column":51}},"30":{"start":{"line":59,"column":6},"end":{"line":59,"column":56}},"31":{"start":{"line":59,"column":49},"end":{"line":59,"column":56}},"32":{"start":{"line":61,"column":19},"end":{"line":61,"column":47}},"33":{"start":{"line":62,"column":20},"end":{"line":62,"column":48}},"34":{"start":{"line":64,"column":6},"end":{"line":66,"column":7}},"35":{"start":{"line":65,"column":8},"end":{"line":65,"column":44}},"36":{"start":{"line":70,"column":6},"end":{"line":86,"column":7}},"37":{"start":{"line":72,"column":10},"end":{"line":72,"column":32}},"38":{"start":{"line":73,"column":10},"end":{"line":73,"column":16}},"39":{"start":{"line":75,"column":10},"end":{"line":75,"column":32}},"40":{"start":{"line":76,"column":10},"end":{"line":76,"column":16}},"41":{"start":{"line":78,"column":10},"end":{"line":78,"column":32}},"42":{"start":{"line":79,"column":10},"end":{"line":79,"column":16}},"43":{"start":{"line":81,"column":10},"end":{"line":81,"column":56}},"44":{"start":{"line":82,"column":10},"end":{"line":82,"column":16}},"45":{"start":{"line":85,"column":10},"end":{"line":85,"column":27}},"46":{"start":{"line":88,"column":6},"end":{"line":88,"column":37}},"47":{"start":{"line":89,"column":6},"end":{"line":89,"column":25}},"48":{"start":{"line":91,"column":6},"end":{"line":91,"column":35}},"49":{"start":{"line":96,"column":4},"end":{"line":130,"column":5}},"50":{"start":{"line":97,"column":6},"end":{"line":108,"column":7}},"51":{"start":{"line":98,"column":36},"end":{"line":98,"column":51}},"52":{"start":{"line":100,"column":23},"end":{"line":100,"column":65}},"53":{"start":{"line":101,"column":23},"end":{"line":101,"column":36}},"54":{"start":{"line":103,"column":8},"end":{"line":105,"column":9}},"55":{"start":{"line":104,"column":10},"end":{"line":104,"column":53}},"56":{"start":{"line":107,"column":8},"end":{"line":107,"column":44}},"57":{"start":{"line":110,"column":6},"end":{"line":120,"column":7}},"58":{"start":{"line":111,"column":33},"end":{"line":111,"column":48}},"59":{"start":{"line":112,"column":24},"end":{"line":112,"column":36}},"60":{"start":{"line":113,"column":28},"end":{"line":113,"column":44}},"61":{"start":{"line":115,"column":8},"end":{"line":117,"column":9}},"62":{"start":{"line":116,"column":10},"end":{"line":116,"column":54}},"63":{"start":{"line":119,"column":8},"end":{"line":119,"column":46}},"64":{"start":{"line":122,"column":18},"end":{"line":122,"column":30}},"65":{"start":{"line":123,"column":6},"end":{"line":125,"column":7}},"66":{"start":{"line":124,"column":8},"end":{"line":124,"column":42}},"67":{"start":{"line":126,"column":6},"end":{"line":126,"column":17}},"68":{"start":{"line":128,"column":6},"end":{"line":128,"column":35}},"69":{"start":{"line":129,"column":6},"end":{"line":129,"column":23}},"70":{"start":{"line":134,"column":4},"end":{"line":160,"column":5}},"71":{"start":{"line":135,"column":6},"end":{"line":137,"column":7}},"72":{"start":{"line":136,"column":8},"end":{"line":136,"column":42}},"73":{"start":{"line":139,"column":6},"end":{"line":156,"column":7}},"74":{"start":{"line":140,"column":22},"end":{"line":140,"column":53}},"75":{"start":{"line":142,"column":8},"end":{"line":152,"column":9}},"76":{"start":{"line":143,"column":25},"end":{"line":143,"column":41}},"77":{"start":{"line":144,"column":10},"end":{"line":146,"column":11}},"78":{"start":{"line":145,"column":12},"end":{"line":145,"column":58}},"79":{"start":{"line":147,"column":26},"end":{"line":147,"column":38}},"80":{"start":{"line":148,"column":10},"end":{"line":148,"column":40}},"81":{"start":{"line":149,"column":10},"end":{"line":149,"column":49}},"82":{"start":{"line":151,"column":10},"end":{"line":151,"column":60}},"83":{"start":{"line":154,"column":24},"end":{"line":154,"column":48}},"84":{"start":{"line":155,"column":8},"end":{"line":155,"column":40}},"85":{"start":{"line":157,"column":6},"end":{"line":157,"column":23}},"86":{"start":{"line":159,"column":6},"end":{"line":159,"column":35}},"87":{"start":{"line":164,"column":4},"end":{"line":196,"column":5}},"88":{"start":{"line":165,"column":6},"end":{"line":167,"column":7}},"89":{"start":{"line":166,"column":8},"end":{"line":166,"column":42}},"90":{"start":{"line":169,"column":6},"end":{"line":192,"column":7}},"91":{"start":{"line":170,"column":22},"end":{"line":170,"column":53}},"92":{"start":{"line":172,"column":8},"end":{"line":185,"column":9}},"93":{"start":{"line":173,"column":25},"end":{"line":173,"column":41}},"94":{"start":{"line":174,"column":10},"end":{"line":176,"column":11}},"95":{"start":{"line":175,"column":12},"end":{"line":175,"column":55}},"96":{"start":{"line":177,"column":26},"end":{"line":177,"column":46}},"97":{"start":{"line":178,"column":10},"end":{"line":180,"column":11}},"98":{"start":{"line":179,"column":12},"end":{"line":179,"column":54}},"99":{"start":{"line":181,"column":10},"end":{"line":181,"column":40}},"100":{"start":{"line":182,"column":10},"end":{"line":182,"column":49}},"101":{"start":{"line":184,"column":10},"end":{"line":184,"column":60}},"102":{"start":{"line":187,"column":24},"end":{"line":187,"column":56}},"103":{"start":{"line":188,"column":8},"end":{"line":190,"column":9}},"104":{"start":{"line":189,"column":10},"end":{"line":189,"column":52}},"105":{"start":{"line":191,"column":8},"end":{"line":191,"column":40}},"106":{"start":{"line":193,"column":6},"end":{"line":193,"column":23}},"107":{"start":{"line":195,"column":6},"end":{"line":195,"column":35}},"108":{"start":{"line":199,"column":4},"end":{"line":227,"column":5}},"109":{"start":{"line":200,"column":6},"end":{"line":202,"column":7}},"110":{"start":{"line":201,"column":8},"end":{"line":201,"column":42}},"111":{"start":{"line":204,"column":6},"end":{"line":222,"column":7}},"112":{"start":{"line":205,"column":22},"end":{"line":205,"column":53}},"113":{"start":{"line":207,"column":8},"end":{"line":215,"column":9}},"114":{"start":{"line":208,"column":33},"end":{"line":208,"column":57}},"115":{"start":{"line":209,"column":10},"end":{"line":211,"column":11}},"116":{"start":{"line":210,"column":12},"end":{"line":210,"column":46}},"117":{"start":{"line":212,"column":10},"end":{"line":212,"column":49}},"118":{"start":{"line":213,"column":10},"end":{"line":213,"column":47}},"119":{"start":{"line":214,"column":10},"end":{"line":214,"column":49}},"120":{"start":{"line":217,"column":31},"end":{"line":217,"column":57}},"121":{"start":{"line":218,"column":8},"end":{"line":220,"column":9}},"122":{"start":{"line":219,"column":10},"end":{"line":219,"column":44}},"123":{"start":{"line":221,"column":8},"end":{"line":221,"column":47}},"124":{"start":{"line":223,"column":6},"end":{"line":223,"column":23}},"125":{"start":{"line":225,"column":6},"end":{"line":225,"column":35}},"126":{"start":{"line":226,"column":6},"end":{"line":226,"column":23}},"127":{"start":{"line":231,"column":4},"end":{"line":231,"column":45}},"128":{"start":{"line":235,"column":4},"end":{"line":267,"column":5}},"129":{"start":{"line":236,"column":6},"end":{"line":238,"column":7}},"130":{"start":{"line":237,"column":8},"end":{"line":237,"column":42}},"131":{"start":{"line":240,"column":6},"end":{"line":262,"column":7}},"132":{"start":{"line":241,"column":22},"end":{"line":241,"column":53}},"133":{"start":{"line":243,"column":8},"end":{"line":255,"column":9}},"134":{"start":{"line":244,"column":25},"end":{"line":244,"column":41}},"135":{"start":{"line":245,"column":10},"end":{"line":247,"column":11}},"136":{"start":{"line":246,"column":12},"end":{"line":246,"column":55}},"137":{"start":{"line":248,"column":25},"end":{"line":248,"column":44}},"138":{"start":{"line":249,"column":10},"end":{"line":251,"column":11}},"139":{"start":{"line":250,"column":12},"end":{"line":250,"column":46}},"140":{"start":{"line":252,"column":10},"end":{"line":252,"column":39}},"141":{"start":{"line":254,"column":10},"end":{"line":254,"column":49}},"142":{"start":{"line":257,"column":23},"end":{"line":257,"column":54}},"143":{"start":{"line":258,"column":8},"end":{"line":260,"column":9}},"144":{"start":{"line":259,"column":10},"end":{"line":259,"column":44}},"145":{"start":{"line":261,"column":8},"end":{"line":261,"column":39}},"146":{"start":{"line":263,"column":6},"end":{"line":263,"column":23}},"147":{"start":{"line":265,"column":6},"end":{"line":265,"column":35}},"148":{"start":{"line":266,"column":6},"end":{"line":266,"column":23}},"149":{"start":{"line":271,"column":4},"end":{"line":302,"column":5}},"150":{"start":{"line":272,"column":6},"end":{"line":274,"column":7}},"151":{"start":{"line":273,"column":8},"end":{"line":273,"column":42}},"152":{"start":{"line":276,"column":6},"end":{"line":297,"column":7}},"153":{"start":{"line":277,"column":22},"end":{"line":277,"column":53}},"154":{"start":{"line":279,"column":8},"end":{"line":290,"column":9}},"155":{"start":{"line":280,"column":25},"end":{"line":280,"column":41}},"156":{"start":{"line":281,"column":10},"end":{"line":283,"column":11}},"157":{"start":{"line":282,"column":12},"end":{"line":282,"column":55}},"158":{"start":{"line":284,"column":23},"end":{"line":284,"column":42}},"159":{"start":{"line":285,"column":10},"end":{"line":287,"column":11}},"160":{"start":{"line":286,"column":12},"end":{"line":286,"column":46}},"161":{"start":{"line":288,"column":10},"end":{"line":288,"column":37}},"162":{"start":{"line":289,"column":10},"end":{"line":289,"column":49}},"163":{"start":{"line":292,"column":21},"end":{"line":292,"column":52}},"164":{"start":{"line":293,"column":8},"end":{"line":295,"column":9}},"165":{"start":{"line":294,"column":10},"end":{"line":294,"column":44}},"166":{"start":{"line":296,"column":8},"end":{"line":296,"column":37}},"167":{"start":{"line":298,"column":6},"end":{"line":298,"column":23}},"168":{"start":{"line":300,"column":6},"end":{"line":300,"column":35}},"169":{"start":{"line":301,"column":6},"end":{"line":301,"column":23}},"170":{"start":{"line":306,"column":4},"end":{"line":337,"column":5}},"171":{"start":{"line":307,"column":6},"end":{"line":309,"column":7}},"172":{"start":{"line":308,"column":8},"end":{"line":308,"column":42}},"173":{"start":{"line":311,"column":6},"end":{"line":332,"column":7}},"174":{"start":{"line":312,"column":22},"end":{"line":312,"column":53}},"175":{"start":{"line":314,"column":8},"end":{"line":325,"column":9}},"176":{"start":{"line":315,"column":25},"end":{"line":315,"column":41}},"177":{"start":{"line":316,"column":10},"end":{"line":318,"column":11}},"178":{"start":{"line":317,"column":12},"end":{"line":317,"column":46}},"179":{"start":{"line":319,"column":23},"end":{"line":319,"column":43}},"180":{"start":{"line":320,"column":10},"end":{"line":322,"column":11}},"181":{"start":{"line":321,"column":12},"end":{"line":321,"column":45}},"182":{"start":{"line":323,"column":10},"end":{"line":323,"column":37}},"183":{"start":{"line":324,"column":10},"end":{"line":324,"column":49}},"184":{"start":{"line":327,"column":21},"end":{"line":327,"column":53}},"185":{"start":{"line":328,"column":8},"end":{"line":330,"column":9}},"186":{"start":{"line":329,"column":10},"end":{"line":329,"column":44}},"187":{"start":{"line":331,"column":8},"end":{"line":331,"column":37}},"188":{"start":{"line":333,"column":6},"end":{"line":333,"column":23}},"189":{"start":{"line":335,"column":6},"end":{"line":335,"column":35}},"190":{"start":{"line":336,"column":6},"end":{"line":336,"column":23}},"191":{"start":{"line":341,"column":4},"end":{"line":375,"column":5}},"192":{"start":{"line":342,"column":6},"end":{"line":344,"column":7}},"193":{"start":{"line":343,"column":8},"end":{"line":343,"column":42}},"194":{"start":{"line":346,"column":6},"end":{"line":371,"column":7}},"195":{"start":{"line":347,"column":22},"end":{"line":347,"column":53}},"196":{"start":{"line":349,"column":8},"end":{"line":360,"column":9}},"197":{"start":{"line":350,"column":25},"end":{"line":350,"column":41}},"198":{"start":{"line":351,"column":10},"end":{"line":353,"column":11}},"199":{"start":{"line":352,"column":12},"end":{"line":352,"column":55}},"200":{"start":{"line":354,"column":23},"end":{"line":354,"column":46}},"201":{"start":{"line":355,"column":10},"end":{"line":357,"column":11}},"202":{"start":{"line":356,"column":12},"end":{"line":356,"column":67}},"203":{"start":{"line":358,"column":10},"end":{"line":358,"column":37}},"204":{"start":{"line":359,"column":10},"end":{"line":359,"column":49}},"205":{"start":{"line":362,"column":23},"end":{"line":362,"column":41}},"206":{"start":{"line":363,"column":8},"end":{"line":365,"column":9}},"207":{"start":{"line":364,"column":10},"end":{"line":364,"column":53}},"208":{"start":{"line":366,"column":21},"end":{"line":366,"column":44}},"209":{"start":{"line":367,"column":8},"end":{"line":369,"column":9}},"210":{"start":{"line":368,"column":10},"end":{"line":368,"column":65}},"211":{"start":{"line":370,"column":8},"end":{"line":370,"column":37}},"212":{"start":{"line":372,"column":6},"end":{"line":372,"column":23}},"213":{"start":{"line":374,"column":6},"end":{"line":374,"column":35}},"214":{"start":{"line":379,"column":4},"end":{"line":395,"column":5}},"215":{"start":{"line":380,"column":6},"end":{"line":382,"column":7}},"216":{"start":{"line":381,"column":8},"end":{"line":381,"column":42}},"217":{"start":{"line":384,"column":6},"end":{"line":386,"column":7}},"218":{"start":{"line":385,"column":8},"end":{"line":385,"column":55}},"219":{"start":{"line":388,"column":6},"end":{"line":390,"column":7}},"220":{"start":{"line":389,"column":8},"end":{"line":389,"column":63}},"221":{"start":{"line":392,"column":6},"end":{"line":392,"column":25}},"222":{"start":{"line":394,"column":6},"end":{"line":394,"column":35}},"223":{"start":{"line":399,"column":4},"end":{"line":427,"column":5}},"224":{"start":{"line":400,"column":6},"end":{"line":402,"column":7}},"225":{"start":{"line":401,"column":8},"end":{"line":401,"column":42}},"226":{"start":{"line":404,"column":6},"end":{"line":424,"column":7}},"227":{"start":{"line":405,"column":22},"end":{"line":405,"column":53}},"228":{"start":{"line":407,"column":8},"end":{"line":417,"column":9}},"229":{"start":{"line":408,"column":25},"end":{"line":408,"column":38}},"230":{"start":{"line":409,"column":10},"end":{"line":415,"column":11}},"231":{"start":{"line":410,"column":12},"end":{"line":410,"column":27}},"232":{"start":{"line":411,"column":12},"end":{"line":411,"column":32}},"233":{"start":{"line":412,"column":17},"end":{"line":415,"column":11}},"234":{"start":{"line":413,"column":12},"end":{"line":413,"column":27}},"235":{"start":{"line":414,"column":12},"end":{"line":414,"column":32}},"236":{"start":{"line":416,"column":10},"end":{"line":416,"column":44}},"237":{"start":{"line":419,"column":24},"end":{"line":419,"column":47}},"238":{"start":{"line":420,"column":8},"end":{"line":422,"column":9}},"239":{"start":{"line":421,"column":10},"end":{"line":421,"column":62}},"240":{"start":{"line":423,"column":8},"end":{"line":423,"column":40}},"241":{"start":{"line":426,"column":6},"end":{"line":426,"column":35}},"242":{"start":{"line":431,"column":4},"end":{"line":446,"column":5}},"243":{"start":{"line":432,"column":6},"end":{"line":434,"column":7}},"244":{"start":{"line":433,"column":8},"end":{"line":433,"column":42}},"245":{"start":{"line":436,"column":6},"end":{"line":436,"column":23}},"246":{"start":{"line":438,"column":26},"end":{"line":438,"column":44}},"247":{"start":{"line":439,"column":6},"end":{"line":441,"column":7}},"248":{"start":{"line":440,"column":8},"end":{"line":440,"column":49}},"249":{"start":{"line":443,"column":6},"end":{"line":443,"column":33}},"250":{"start":{"line":445,"column":6},"end":{"line":445,"column":35}},"251":{"start":{"line":450,"column":4},"end":{"line":465,"column":5}},"252":{"start":{"line":451,"column":6},"end":{"line":453,"column":7}},"253":{"start":{"line":452,"column":8},"end":{"line":452,"column":42}},"254":{"start":{"line":455,"column":6},"end":{"line":455,"column":23}},"255":{"start":{"line":457,"column":27},"end":{"line":457,"column":45}},"256":{"start":{"line":458,"column":6},"end":{"line":460,"column":7}},"257":{"start":{"line":459,"column":8},"end":{"line":459,"column":50}},"258":{"start":{"line":462,"column":6},"end":{"line":462,"column":34}},"259":{"start":{"line":464,"column":6},"end":{"line":464,"column":35}},"260":{"start":{"line":469,"column":4},"end":{"line":473,"column":5}},"261":{"start":{"line":470,"column":6},"end":{"line":470,"column":22}},"262":{"start":{"line":472,"column":6},"end":{"line":472,"column":62}},"263":{"start":{"line":477,"column":4},"end":{"line":489,"column":5}},"264":{"start":{"line":478,"column":6},"end":{"line":480,"column":7}},"265":{"start":{"line":479,"column":8},"end":{"line":479,"column":43}},"266":{"start":{"line":482,"column":6},"end":{"line":484,"column":7}},"267":{"start":{"line":483,"column":8},"end":{"line":483,"column":24}},"268":{"start":{"line":486,"column":6},"end":{"line":486,"column":43}},"269":{"start":{"line":488,"column":6},"end":{"line":488,"column":35}}},"fnMap":{"0":{"name":"(anonymous_0)","decl":{"start":{"line":2,"column":2},"end":{"line":2,"column":3}},"loc":{"start":{"line":2,"column":16},"end":{"line":8,"column":3}},"line":2},"1":{"name":"(anonymous_1)","decl":{"start":{"line":10,"column":2},"end":{"line":10,"column":3}},"loc":{"start":{"line":10,"column":18},"end":{"line":14,"column":3}},"line":10},"2":{"name":"(anonymous_2)","decl":{"start":{"line":16,"column":2},"end":{"line":16,"column":3}},"loc":{"start":{"line":16,"column":17},"end":{"line":21,"column":3}},"line":16},"3":{"name":"(anonymous_3)","decl":{"start":{"line":23,"column":2},"end":{"line":23,"column":3}},"loc":{"start":{"line":23,"column":21},"end":{"line":37,"column":3}},"line":23},"4":{"name":"(anonymous_4)","decl":{"start":{"line":39,"column":2},"end":{"line":39,"column":3}},"loc":{"start":{"line":39,"column":12},"end":{"line":41,"column":3}},"line":39},"5":{"name":"(anonymous_5)","decl":{"start":{"line":43,"column":2},"end":{"line":43,"column":3}},"loc":{"start":{"line":43,"column":14},"end":{"line":93,"column":3}},"line":43},"6":{"name":"(anonymous_6)","decl":{"start":{"line":95,"column":2},"end":{"line":95,"column":3}},"loc":{"start":{"line":95,"column":22},"end":{"line":131,"column":3}},"line":95},"7":{"name":"(anonymous_7)","decl":{"start":{"line":133,"column":2},"end":{"line":133,"column":3}},"loc":{"start":{"line":133,"column":15},"end":{"line":161,"column":3}},"line":133},"8":{"name":"(anonymous_8)","decl":{"start":{"line":163,"column":2},"end":{"line":163,"column":3}},"loc":{"start":{"line":163,"column":15},"end":{"line":197,"column":3}},"line":163},"9":{"name":"(anonymous_9)","decl":{"start":{"line":198,"column":2},"end":{"line":198,"column":3}},"loc":{"start":{"line":198,"column":17},"end":{"line":228,"column":3}},"line":198},"10":{"name":"(anonymous_10)","decl":{"start":{"line":230,"column":2},"end":{"line":230,"column":3}},"loc":{"start":{"line":230,"column":15},"end":{"line":232,"column":3}},"line":230},"11":{"name":"(anonymous_11)","decl":{"start":{"line":234,"column":2},"end":{"line":234,"column":3}},"loc":{"start":{"line":234,"column":14},"end":{"line":268,"column":3}},"line":234},"12":{"name":"(anonymous_12)","decl":{"start":{"line":270,"column":2},"end":{"line":270,"column":3}},"loc":{"start":{"line":270,"column":12},"end":{"line":303,"column":3}},"line":270},"13":{"name":"(anonymous_13)","decl":{"start":{"line":305,"column":2},"end":{"line":305,"column":3}},"loc":{"start":{"line":305,"column":16},"end":{"line":338,"column":3}},"line":305},"14":{"name":"(anonymous_14)","decl":{"start":{"line":340,"column":2},"end":{"line":340,"column":3}},"loc":{"start":{"line":340,"column":13},"end":{"line":376,"column":3}},"line":340},"15":{"name":"(anonymous_15)","decl":{"start":{"line":378,"column":2},"end":{"line":378,"column":3}},"loc":{"start":{"line":378,"column":16},"end":{"line":396,"column":3}},"line":378},"16":{"name":"(anonymous_16)","decl":{"start":{"line":398,"column":2},"end":{"line":398,"column":3}},"loc":{"start":{"line":398,"column":20},"end":{"line":428,"column":3}},"line":398},"17":{"name":"(anonymous_17)","decl":{"start":{"line":430,"column":2},"end":{"line":430,"column":3}},"loc":{"start":{"line":430,"column":14},"end":{"line":447,"column":3}},"line":430},"18":{"name":"(anonymous_18)","decl":{"start":{"line":449,"column":2},"end":{"line":449,"column":3}},"loc":{"start":{"line":449,"column":15},"end":{"line":466,"column":3}},"line":449},"19":{"name":"(anonymous_19)","decl":{"start":{"line":468,"column":2},"end":{"line":468,"column":3}},"loc":{"start":{"line":468,"column":16},"end":{"line":474,"column":3}},"line":468},"20":{"name":"(anonymous_20)","decl":{"start":{"line":476,"column":2},"end":{"line":476,"column":3}},"loc":{"start":{"line":476,"column":15},"end":{"line":490,"column":3}},"line":476}},"branchMap":{"0":{"loc":{"start":{"line":11,"column":4},"end":{"line":11,"column":44}},"type":"if","locations":[{"start":{"line":11,"column":4},"end":{"line":11,"column":44}},{"start":{},"end":{}}],"line":11},"1":{"loc":{"start":{"line":24,"column":4},"end":{"line":24,"column":34}},"type":"if","locations":[{"start":{"line":24,"column":4},"end":{"line":24,"column":34}},{"start":{},"end":{}}],"line":24},"2":{"loc":{"start":{"line":26,"column":4},"end":{"line":28,"column":5}},"type":"if","locations":[{"start":{"line":26,"column":4},"end":{"line":28,"column":5}},{"start":{},"end":{}}],"line":26},"3":{"loc":{"start":{"line":26,"column":8},"end":{"line":26,"column":51}},"type":"binary-expr","locations":[{"start":{"line":26,"column":8},"end":{"line":26,"column":21}},{"start":{"line":26,"column":25},"end":{"line":26,"column":51}}],"line":26},"4":{"loc":{"start":{"line":30,"column":4},"end":{"line":36,"column":5}},"type":"if","locations":[{"start":{"line":30,"column":4},"end":{"line":36,"column":5}},{"start":{"line":33,"column":11},"end":{"line":36,"column":5}}],"line":30},"5":{"loc":{"start":{"line":40,"column":17},"end":{"line":40,"column":47}},"type":"binary-expr","locations":[{"start":{"line":40,"column":17},"end":{"line":40,"column":40}},{"start":{"line":40,"column":44},"end":{"line":40,"column":47}}],"line":40},"6":{"loc":{"start":{"line":45,"column":6},"end":{"line":52,"column":7}},"type":"if","locations":[{"start":{"line":45,"column":6},"end":{"line":52,"column":7}},{"start":{},"end":{}}],"line":45},"7":{"loc":{"start":{"line":46,"column":8},"end":{"line":47,"column":62}},"type":"binary-expr","locations":[{"start":{"line":46,"column":8},"end":{"line":46,"column":22}},{"start":{"line":47,"column":9},"end":{"line":47,"column":33}},{"start":{"line":47,"column":37},"end":{"line":47,"column":61}}],"line":46},"8":{"loc":{"start":{"line":53,"column":6},"end":{"line":55,"column":7}},"type":"if","locations":[{"start":{"line":53,"column":6},"end":{"line":55,"column":7}},{"start":{},"end":{}}],"line":53},"9":{"loc":{"start":{"line":59,"column":6},"end":{"line":59,"column":56}},"type":"if","locations":[{"start":{"line":59,"column":6},"end":{"line":59,"column":56}},{"start":{},"end":{}}],"line":59},"10":{"loc":{"start":{"line":59,"column":10},"end":{"line":59,"column":47}},"type":"binary-expr","locations":[{"start":{"line":59,"column":10},"end":{"line":59,"column":28}},{"start":{"line":59,"column":32},"end":{"line":59,"column":47}}],"line":59},"11":{"loc":{"start":{"line":64,"column":6},"end":{"line":66,"column":7}},"type":"if","locations":[{"start":{"line":64,"column":6},"end":{"line":66,"column":7}},{"start":{},"end":{}}],"line":64},"12":{"loc":{"start":{"line":64,"column":10},"end":{"line":64,"column":37}},"type":"binary-expr","locations":[{"start":{"line":64,"column":10},"end":{"line":64,"column":21}},{"start":{"line":64,"column":25},"end":{"line":64,"column":37}}],"line":64},"13":{"loc":{"start":{"line":70,"column":6},"end":{"line":86,"column":7}},"type":"switch","locations":[{"start":{"line":71,"column":8},"end":{"line":73,"column":16}},{"start":{"line":74,"column":8},"end":{"line":76,"column":16}},{"start":{"line":77,"column":8},"end":{"line":79,"column":16}},{"start":{"line":80,"column":8},"end":{"line":82,"column":16}},{"start":{"line":83,"column":8},"end":{"line":83,"column":16}},{"start":{"line":84,"column":8},"end":{"line":85,"column":27}}],"line":70},"14":{"loc":{"start":{"line":81,"column":19},"end":{"line":81,"column":55}},"type":"cond-expr","locations":[{"start":{"line":81,"column":33},"end":{"line":81,"column":45}},{"start":{"line":81,"column":48},"end":{"line":81,"column":55}}],"line":81},"15":{"loc":{"start":{"line":97,"column":6},"end":{"line":108,"column":7}},"type":"if","locations":[{"start":{"line":97,"column":6},"end":{"line":108,"column":7}},{"start":{},"end":{}}],"line":97},"16":{"loc":{"start":{"line":100,"column":23},"end":{"line":100,"column":65}},"type":"cond-expr","locations":[{"start":{"line":100,"column":43},"end":{"line":100,"column":44}},{"start":{"line":100,"column":47},"end":{"line":100,"column":65}}],"line":100},"17":{"loc":{"start":{"line":103,"column":8},"end":{"line":105,"column":9}},"type":"if","locations":[{"start":{"line":103,"column":8},"end":{"line":105,"column":9}},{"start":{},"end":{}}],"line":103},"18":{"loc":{"start":{"line":103,"column":12},"end":{"line":103,"column":65}},"type":"binary-expr","locations":[{"start":{"line":103,"column":12},"end":{"line":103,"column":25}},{"start":{"line":103,"column":29},"end":{"line":103,"column":42}},{"start":{"line":103,"column":46},"end":{"line":103,"column":65}}],"line":103},"19":{"loc":{"start":{"line":110,"column":6},"end":{"line":120,"column":7}},"type":"if","locations":[{"start":{"line":110,"column":6},"end":{"line":120,"column":7}},{"start":{},"end":{}}],"line":110},"20":{"loc":{"start":{"line":115,"column":8},"end":{"line":117,"column":9}},"type":"if","locations":[{"start":{"line":115,"column":8},"end":{"line":117,"column":9}},{"start":{},"end":{}}],"line":115},"21":{"loc":{"start":{"line":115,"column":12},"end":{"line":115,"column":74}},"type":"binary-expr","locations":[{"start":{"line":115,"column":12},"end":{"line":115,"column":26}},{"start":{"line":115,"column":30},"end":{"line":115,"column":48}},{"start":{"line":115,"column":52},"end":{"line":115,"column":74}}],"line":115},"22":{"loc":{"start":{"line":123,"column":6},"end":{"line":125,"column":7}},"type":"if","locations":[{"start":{"line":123,"column":6},"end":{"line":125,"column":7}},{"start":{},"end":{}}],"line":123},"23":{"loc":{"start":{"line":135,"column":6},"end":{"line":137,"column":7}},"type":"if","locations":[{"start":{"line":135,"column":6},"end":{"line":137,"column":7}},{"start":{},"end":{}}],"line":135},"24":{"loc":{"start":{"line":139,"column":6},"end":{"line":156,"column":7}},"type":"if","locations":[{"start":{"line":139,"column":6},"end":{"line":156,"column":7}},{"start":{"line":153,"column":13},"end":{"line":156,"column":7}}],"line":139},"25":{"loc":{"start":{"line":139,"column":10},"end":{"line":139,"column":61}},"type":"binary-expr","locations":[{"start":{"line":139,"column":10},"end":{"line":139,"column":23}},{"start":{"line":139,"column":27},"end":{"line":139,"column":61}}],"line":139},"26":{"loc":{"start":{"line":142,"column":8},"end":{"line":152,"column":9}},"type":"if","locations":[{"start":{"line":142,"column":8},"end":{"line":152,"column":9}},{"start":{"line":150,"column":15},"end":{"line":152,"column":9}}],"line":142},"27":{"loc":{"start":{"line":142,"column":12},"end":{"line":142,"column":49}},"type":"binary-expr","locations":[{"start":{"line":142,"column":12},"end":{"line":142,"column":30}},{"start":{"line":142,"column":34},"end":{"line":142,"column":49}}],"line":142},"28":{"loc":{"start":{"line":144,"column":10},"end":{"line":146,"column":11}},"type":"if","locations":[{"start":{"line":144,"column":10},"end":{"line":146,"column":11}},{"start":{},"end":{}}],"line":144},"29":{"loc":{"start":{"line":165,"column":6},"end":{"line":167,"column":7}},"type":"if","locations":[{"start":{"line":165,"column":6},"end":{"line":167,"column":7}},{"start":{},"end":{}}],"line":165},"30":{"loc":{"start":{"line":169,"column":6},"end":{"line":192,"column":7}},"type":"if","locations":[{"start":{"line":169,"column":6},"end":{"line":192,"column":7}},{"start":{"line":186,"column":13},"end":{"line":192,"column":7}}],"line":169},"31":{"loc":{"start":{"line":169,"column":10},"end":{"line":169,"column":61}},"type":"binary-expr","locations":[{"start":{"line":169,"column":10},"end":{"line":169,"column":23}},{"start":{"line":169,"column":27},"end":{"line":169,"column":61}}],"line":169},"32":{"loc":{"start":{"line":172,"column":8},"end":{"line":185,"column":9}},"type":"if","locations":[{"start":{"line":172,"column":8},"end":{"line":185,"column":9}},{"start":{"line":183,"column":15},"end":{"line":185,"column":9}}],"line":172},"33":{"loc":{"start":{"line":172,"column":12},"end":{"line":172,"column":49}},"type":"binary-expr","locations":[{"start":{"line":172,"column":12},"end":{"line":172,"column":30}},{"start":{"line":172,"column":34},"end":{"line":172,"column":49}}],"line":172},"34":{"loc":{"start":{"line":174,"column":10},"end":{"line":176,"column":11}},"type":"if","locations":[{"start":{"line":174,"column":10},"end":{"line":176,"column":11}},{"start":{},"end":{}}],"line":174},"35":{"loc":{"start":{"line":178,"column":10},"end":{"line":180,"column":11}},"type":"if","locations":[{"start":{"line":178,"column":10},"end":{"line":180,"column":11}},{"start":{},"end":{}}],"line":178},"36":{"loc":{"start":{"line":188,"column":8},"end":{"line":190,"column":9}},"type":"if","locations":[{"start":{"line":188,"column":8},"end":{"line":190,"column":9}},{"start":{},"end":{}}],"line":188},"37":{"loc":{"start":{"line":200,"column":6},"end":{"line":202,"column":7}},"type":"if","locations":[{"start":{"line":200,"column":6},"end":{"line":202,"column":7}},{"start":{},"end":{}}],"line":200},"38":{"loc":{"start":{"line":204,"column":6},"end":{"line":222,"column":7}},"type":"if","locations":[{"start":{"line":204,"column":6},"end":{"line":222,"column":7}},{"start":{"line":216,"column":13},"end":{"line":222,"column":7}}],"line":204},"39":{"loc":{"start":{"line":204,"column":10},"end":{"line":204,"column":61}},"type":"binary-expr","locations":[{"start":{"line":204,"column":10},"end":{"line":204,"column":23}},{"start":{"line":204,"column":27},"end":{"line":204,"column":61}}],"line":204},"40":{"loc":{"start":{"line":207,"column":8},"end":{"line":215,"column":9}},"type":"if","locations":[{"start":{"line":207,"column":8},"end":{"line":215,"column":9}},{"start":{},"end":{}}],"line":207},"41":{"loc":{"start":{"line":207,"column":12},"end":{"line":207,"column":49}},"type":"binary-expr","locations":[{"start":{"line":207,"column":12},"end":{"line":207,"column":30}},{"start":{"line":207,"column":34},"end":{"line":207,"column":49}}],"line":207},"42":{"loc":{"start":{"line":209,"column":10},"end":{"line":211,"column":11}},"type":"if","locations":[{"start":{"line":209,"column":10},"end":{"line":211,"column":11}},{"start":{},"end":{}}],"line":209},"43":{"loc":{"start":{"line":218,"column":8},"end":{"line":220,"column":9}},"type":"if","locations":[{"start":{"line":218,"column":8},"end":{"line":220,"column":9}},{"start":{},"end":{}}],"line":218},"44":{"loc":{"start":{"line":231,"column":11},"end":{"line":231,"column":44}},"type":"cond-expr","locations":[{"start":{"line":231,"column":15},"end":{"line":231,"column":40}},{"start":{"line":231,"column":43},"end":{"line":231,"column":44}}],"line":231},"45":{"loc":{"start":{"line":236,"column":6},"end":{"line":238,"column":7}},"type":"if","locations":[{"start":{"line":236,"column":6},"end":{"line":238,"column":7}},{"start":{},"end":{}}],"line":236},"46":{"loc":{"start":{"line":240,"column":6},"end":{"line":262,"column":7}},"type":"if","locations":[{"start":{"line":240,"column":6},"end":{"line":262,"column":7}},{"start":{"line":256,"column":13},"end":{"line":262,"column":7}}],"line":240},"47":{"loc":{"start":{"line":240,"column":10},"end":{"line":240,"column":61}},"type":"binary-expr","locations":[{"start":{"line":240,"column":10},"end":{"line":240,"column":23}},{"start":{"line":240,"column":27},"end":{"line":240,"column":61}}],"line":240},"48":{"loc":{"start":{"line":243,"column":8},"end":{"line":255,"column":9}},"type":"if","locations":[{"start":{"line":243,"column":8},"end":{"line":255,"column":9}},{"start":{},"end":{}}],"line":243},"49":{"loc":{"start":{"line":243,"column":12},"end":{"line":243,"column":49}},"type":"binary-expr","locations":[{"start":{"line":243,"column":12},"end":{"line":243,"column":30}},{"start":{"line":243,"column":34},"end":{"line":243,"column":49}}],"line":243},"50":{"loc":{"start":{"line":245,"column":10},"end":{"line":247,"column":11}},"type":"if","locations":[{"start":{"line":245,"column":10},"end":{"line":247,"column":11}},{"start":{},"end":{}}],"line":245},"51":{"loc":{"start":{"line":249,"column":10},"end":{"line":251,"column":11}},"type":"if","locations":[{"start":{"line":249,"column":10},"end":{"line":251,"column":11}},{"start":{},"end":{}}],"line":249},"52":{"loc":{"start":{"line":258,"column":8},"end":{"line":260,"column":9}},"type":"if","locations":[{"start":{"line":258,"column":8},"end":{"line":260,"column":9}},{"start":{},"end":{}}],"line":258},"53":{"loc":{"start":{"line":272,"column":6},"end":{"line":274,"column":7}},"type":"if","locations":[{"start":{"line":272,"column":6},"end":{"line":274,"column":7}},{"start":{},"end":{}}],"line":272},"54":{"loc":{"start":{"line":276,"column":6},"end":{"line":297,"column":7}},"type":"if","locations":[{"start":{"line":276,"column":6},"end":{"line":297,"column":7}},{"start":{"line":291,"column":13},"end":{"line":297,"column":7}}],"line":276},"55":{"loc":{"start":{"line":276,"column":10},"end":{"line":276,"column":61}},"type":"binary-expr","locations":[{"start":{"line":276,"column":10},"end":{"line":276,"column":23}},{"start":{"line":276,"column":27},"end":{"line":276,"column":61}}],"line":276},"56":{"loc":{"start":{"line":279,"column":8},"end":{"line":290,"column":9}},"type":"if","locations":[{"start":{"line":279,"column":8},"end":{"line":290,"column":9}},{"start":{},"end":{}}],"line":279},"57":{"loc":{"start":{"line":279,"column":12},"end":{"line":279,"column":49}},"type":"binary-expr","locations":[{"start":{"line":279,"column":12},"end":{"line":279,"column":30}},{"start":{"line":279,"column":34},"end":{"line":279,"column":49}}],"line":279},"58":{"loc":{"start":{"line":281,"column":10},"end":{"line":283,"column":11}},"type":"if","locations":[{"start":{"line":281,"column":10},"end":{"line":283,"column":11}},{"start":{},"end":{}}],"line":281},"59":{"loc":{"start":{"line":285,"column":10},"end":{"line":287,"column":11}},"type":"if","locations":[{"start":{"line":285,"column":10},"end":{"line":287,"column":11}},{"start":{},"end":{}}],"line":285},"60":{"loc":{"start":{"line":293,"column":8},"end":{"line":295,"column":9}},"type":"if","locations":[{"start":{"line":293,"column":8},"end":{"line":295,"column":9}},{"start":{},"end":{}}],"line":293},"61":{"loc":{"start":{"line":307,"column":6},"end":{"line":309,"column":7}},"type":"if","locations":[{"start":{"line":307,"column":6},"end":{"line":309,"column":7}},{"start":{},"end":{}}],"line":307},"62":{"loc":{"start":{"line":311,"column":6},"end":{"line":332,"column":7}},"type":"if","locations":[{"start":{"line":311,"column":6},"end":{"line":332,"column":7}},{"start":{"line":326,"column":13},"end":{"line":332,"column":7}}],"line":311},"63":{"loc":{"start":{"line":311,"column":10},"end":{"line":311,"column":61}},"type":"binary-expr","locations":[{"start":{"line":311,"column":10},"end":{"line":311,"column":23}},{"start":{"line":311,"column":27},"end":{"line":311,"column":61}}],"line":311},"64":{"loc":{"start":{"line":314,"column":8},"end":{"line":325,"column":9}},"type":"if","locations":[{"start":{"line":314,"column":8},"end":{"line":325,"column":9}},{"start":{},"end":{}}],"line":314},"65":{"loc":{"start":{"line":314,"column":12},"end":{"line":314,"column":49}},"type":"binary-expr","locations":[{"start":{"line":314,"column":12},"end":{"line":314,"column":30}},{"start":{"line":314,"column":34},"end":{"line":314,"column":49}}],"line":314},"66":{"loc":{"start":{"line":316,"column":10},"end":{"line":318,"column":11}},"type":"if","locations":[{"start":{"line":316,"column":10},"end":{"line":318,"column":11}},{"start":{},"end":{}}],"line":316},"67":{"loc":{"start":{"line":320,"column":10},"end":{"line":322,"column":11}},"type":"if","locations":[{"start":{"line":320,"column":10},"end":{"line":322,"column":11}},{"start":{},"end":{}}],"line":320},"68":{"loc":{"start":{"line":328,"column":8},"end":{"line":330,"column":9}},"type":"if","locations":[{"start":{"line":328,"column":8},"end":{"line":330,"column":9}},{"start":{},"end":{}}],"line":328},"69":{"loc":{"start":{"line":342,"column":6},"end":{"line":344,"column":7}},"type":"if","locations":[{"start":{"line":342,"column":6},"end":{"line":344,"column":7}},{"start":{},"end":{}}],"line":342},"70":{"loc":{"start":{"line":346,"column":6},"end":{"line":371,"column":7}},"type":"if","locations":[{"start":{"line":346,"column":6},"end":{"line":371,"column":7}},{"start":{"line":361,"column":13},"end":{"line":371,"column":7}}],"line":346},"71":{"loc":{"start":{"line":346,"column":10},"end":{"line":346,"column":61}},"type":"binary-expr","locations":[{"start":{"line":346,"column":10},"end":{"line":346,"column":23}},{"start":{"line":346,"column":27},"end":{"line":346,"column":61}}],"line":346},"72":{"loc":{"start":{"line":349,"column":8},"end":{"line":360,"column":9}},"type":"if","locations":[{"start":{"line":349,"column":8},"end":{"line":360,"column":9}},{"start":{},"end":{}}],"line":349},"73":{"loc":{"start":{"line":349,"column":12},"end":{"line":349,"column":49}},"type":"binary-expr","locations":[{"start":{"line":349,"column":12},"end":{"line":349,"column":30}},{"start":{"line":349,"column":34},"end":{"line":349,"column":49}}],"line":349},"74":{"loc":{"start":{"line":351,"column":10},"end":{"line":353,"column":11}},"type":"if","locations":[{"start":{"line":351,"column":10},"end":{"line":353,"column":11}},{"start":{},"end":{}}],"line":351},"75":{"loc":{"start":{"line":355,"column":10},"end":{"line":357,"column":11}},"type":"if","locations":[{"start":{"line":355,"column":10},"end":{"line":357,"column":11}},{"start":{},"end":{}}],"line":355},"76":{"loc":{"start":{"line":363,"column":8},"end":{"line":365,"column":9}},"type":"if","locations":[{"start":{"line":363,"column":8},"end":{"line":365,"column":9}},{"start":{},"end":{}}],"line":363},"77":{"loc":{"start":{"line":367,"column":8},"end":{"line":369,"column":9}},"type":"if","locations":[{"start":{"line":367,"column":8},"end":{"line":369,"column":9}},{"start":{},"end":{}}],"line":367},"78":{"loc":{"start":{"line":380,"column":6},"end":{"line":382,"column":7}},"type":"if","locations":[{"start":{"line":380,"column":6},"end":{"line":382,"column":7}},{"start":{},"end":{}}],"line":380},"79":{"loc":{"start":{"line":384,"column":6},"end":{"line":386,"column":7}},"type":"if","locations":[{"start":{"line":384,"column":6},"end":{"line":386,"column":7}},{"start":{},"end":{}}],"line":384},"80":{"loc":{"start":{"line":388,"column":6},"end":{"line":390,"column":7}},"type":"if","locations":[{"start":{"line":388,"column":6},"end":{"line":390,"column":7}},{"start":{},"end":{}}],"line":388},"81":{"loc":{"start":{"line":400,"column":6},"end":{"line":402,"column":7}},"type":"if","locations":[{"start":{"line":400,"column":6},"end":{"line":402,"column":7}},{"start":{},"end":{}}],"line":400},"82":{"loc":{"start":{"line":404,"column":6},"end":{"line":424,"column":7}},"type":"if","locations":[{"start":{"line":404,"column":6},"end":{"line":424,"column":7}},{"start":{"line":418,"column":13},"end":{"line":424,"column":7}}],"line":404},"83":{"loc":{"start":{"line":404,"column":10},"end":{"line":404,"column":61}},"type":"binary-expr","locations":[{"start":{"line":404,"column":10},"end":{"line":404,"column":23}},{"start":{"line":404,"column":27},"end":{"line":404,"column":61}}],"line":404},"84":{"loc":{"start":{"line":407,"column":8},"end":{"line":417,"column":9}},"type":"if","locations":[{"start":{"line":407,"column":8},"end":{"line":417,"column":9}},{"start":{},"end":{}}],"line":407},"85":{"loc":{"start":{"line":407,"column":12},"end":{"line":407,"column":49}},"type":"binary-expr","locations":[{"start":{"line":407,"column":12},"end":{"line":407,"column":30}},{"start":{"line":407,"column":34},"end":{"line":407,"column":49}}],"line":407},"86":{"loc":{"start":{"line":409,"column":10},"end":{"line":415,"column":11}},"type":"if","locations":[{"start":{"line":409,"column":10},"end":{"line":415,"column":11}},{"start":{"line":412,"column":17},"end":{"line":415,"column":11}}],"line":409},"87":{"loc":{"start":{"line":412,"column":17},"end":{"line":415,"column":11}},"type":"if","locations":[{"start":{"line":412,"column":17},"end":{"line":415,"column":11}},{"start":{},"end":{}}],"line":412},"88":{"loc":{"start":{"line":420,"column":8},"end":{"line":422,"column":9}},"type":"if","locations":[{"start":{"line":420,"column":8},"end":{"line":422,"column":9}},{"start":{},"end":{}}],"line":420},"89":{"loc":{"start":{"line":432,"column":6},"end":{"line":434,"column":7}},"type":"if","locations":[{"start":{"line":432,"column":6},"end":{"line":434,"column":7}},{"start":{},"end":{}}],"line":432},"90":{"loc":{"start":{"line":439,"column":6},"end":{"line":441,"column":7}},"type":"if","locations":[{"start":{"line":439,"column":6},"end":{"line":441,"column":7}},{"start":{},"end":{}}],"line":439},"91":{"loc":{"start":{"line":451,"column":6},"end":{"line":453,"column":7}},"type":"if","locations":[{"start":{"line":451,"column":6},"end":{"line":453,"column":7}},{"start":{},"end":{}}],"line":451},"92":{"loc":{"start":{"line":458,"column":6},"end":{"line":460,"column":7}},"type":"if","locations":[{"start":{"line":458,"column":6},"end":{"line":460,"column":7}},{"start":{},"end":{}}],"line":458},"93":{"loc":{"start":{"line":478,"column":6},"end":{"line":480,"column":7}},"type":"if","locations":[{"start":{"line":478,"column":6},"end":{"line":480,"column":7}},{"start":{},"end":{}}],"line":478},"94":{"loc":{"start":{"line":482,"column":6},"end":{"line":484,"column":7}},"type":"if","locations":[{"start":{"line":482,"column":6},"end":{"line":484,"column":7}},{"start":{},"end":{}}],"line":482}},"s":{"0":72,"1":72,"2":72,"3":72,"4":72,"5":3,"6":2,"7":3,"8":5,"9":5,"10":5,"11":5,"12":5,"13":0,"14":5,"15":0,"16":5,"17":3,"18":3,"19":2,"20":2,"21":3,"22":29,"23":29,"24":0,"25":0,"26":0,"27":29,"28":15,"29":14,"30":14,"31":2,"32":12,"33":12,"34":12,"35":0,"36":12,"37":9,"38":9,"39":0,"40":0,"41":0,"42":0,"43":2,"44":2,"45":1,"46":12,"47":12,"48":15,"49":29,"50":29,"51":2,"52":2,"53":2,"54":2,"55":0,"56":2,"57":27,"58":3,"59":3,"60":3,"61":3,"62":0,"63":3,"64":24,"65":24,"66":1,"67":23,"68":1,"69":1,"70":2,"71":2,"72":1,"73":1,"74":1,"75":1,"76":1,"77":1,"78":0,"79":1,"80":1,"81":1,"82":0,"83":0,"84":0,"85":1,"86":1,"87":4,"88":4,"89":1,"90":3,"91":1,"92":1,"93":1,"94":1,"95":0,"96":1,"97":1,"98":0,"99":1,"100":1,"101":0,"102":2,"103":2,"104":1,"105":1,"106":2,"107":2,"108":2,"109":2,"110":0,"111":2,"112":1,"113":1,"114":1,"115":1,"116":0,"117":1,"118":1,"119":1,"120":1,"121":1,"122":0,"123":1,"124":2,"125":0,"126":0,"127":8,"128":4,"129":4,"130":1,"131":3,"132":2,"133":2,"134":1,"135":1,"136":0,"137":1,"138":1,"139":0,"140":1,"141":1,"142":1,"143":1,"144":0,"145":1,"146":3,"147":1,"148":1,"149":4,"150":4,"151":1,"152":3,"153":1,"154":1,"155":1,"156":1,"157":0,"158":1,"159":1,"160":0,"161":1,"162":1,"163":2,"164":2,"165":1,"166":1,"167":2,"168":2,"169":2,"170":4,"171":4,"172":1,"173":3,"174":2,"175":2,"176":1,"177":1,"178":0,"179":1,"180":1,"181":0,"182":1,"183":1,"184":1,"185":1,"186":0,"187":1,"188":3,"189":1,"190":1,"191":5,"192":5,"193":1,"194":4,"195":1,"196":1,"197":1,"198":1,"199":1,"200":0,"201":0,"202":0,"203":0,"204":0,"205":3,"206":3,"207":1,"208":2,"209":2,"210":0,"211":2,"212":2,"213":3,"214":5,"215":5,"216":1,"217":4,"218":1,"219":3,"220":1,"221":2,"222":3,"223":4,"224":4,"225":1,"226":3,"227":2,"228":2,"229":2,"230":2,"231":1,"232":1,"233":1,"234":1,"235":1,"236":2,"237":1,"238":1,"239":0,"240":1,"241":1,"242":5,"243":5,"244":1,"245":4,"246":4,"247":4,"248":1,"249":3,"250":2,"251":5,"252":5,"253":1,"254":4,"255":4,"256":4,"257":1,"258":3,"259":2,"260":1,"261":1,"262":0,"263":4,"264":4,"265":1,"266":3,"267":2,"268":3,"269":1},"f":{"0":72,"1":3,"2":5,"3":5,"4":3,"5":29,"6":29,"7":2,"8":4,"9":2,"10":8,"11":4,"12":4,"13":4,"14":5,"15":5,"16":4,"17":5,"18":5,"19":1,"20":4},"b":{"0":[2,1],"1":[0,5],"2":[0,5],"3":[5,0],"4":[3,2],"5":[3,1],"6":[0,29],"7":[29,15,15],"8":[15,14],"9":[2,12],"10":[14,14],"11":[0,12],"12":[12,12],"13":[9,0,0,2,0,1],"14":[1,1],"15":[2,27],"16":[1,1],"17":[0,2],"18":[2,2,2],"19":[3,24],"20":[0,3],"21":[3,3,3],"22":[1,23],"23":[1,1],"24":[1,0],"25":[1,1],"26":[1,0],"27":[1,1],"28":[0,1],"29":[1,3],"30":[1,2],"31":[3,1],"32":[1,0],"33":[1,1],"34":[0,1],"35":[0,1],"36":[1,1],"37":[0,2],"38":[1,1],"39":[2,1],"40":[1,0],"41":[1,1],"42":[0,1],"43":[0,1],"44":[6,2],"45":[1,3],"46":[2,1],"47":[3,2],"48":[1,1],"49":[2,2],"50":[0,1],"51":[0,1],"52":[0,1],"53":[1,3],"54":[1,2],"55":[3,1],"56":[1,0],"57":[1,1],"58":[0,1],"59":[0,1],"60":[1,1],"61":[1,3],"62":[2,1],"63":[3,2],"64":[1,1],"65":[2,2],"66":[0,1],"67":[0,1],"68":[0,1],"69":[1,4],"70":[1,3],"71":[4,1],"72":[1,0],"73":[1,1],"74":[1,0],"75":[0,0],"76":[1,2],"77":[0,2],"78":[1,4],"79":[1,3],"80":[1,2],"81":[1,3],"82":[2,1],"83":[3,2],"84":[2,0],"85":[2,2],"86":[1,1],"87":[1,0],"88":[0,1],"89":[1,4],"90":[1,3],"91":[1,4],"92":[1,3],"93":[1,3],"94":[2,1]},"_coverageSchema":"1a1c01bbd47fc00a2c39e90264f33305004495a9","hash":"887b7501ade53c28cecd115b72496c26fa84608f"}
}
