TN:
SF:src\calculator.js
FN:2,(anonymous_0)
FN:10,(anonymous_1)
FN:16,(anonymous_2)
FN:23,(anonymous_3)
FN:39,(anonymous_4)
FN:43,(anonymous_5)
FN:95,(anonymous_6)
FN:133,(anonymous_7)
FN:163,(anonymous_8)
FN:198,(anonymous_9)
FN:230,(anonymous_10)
FN:234,(anonymous_11)
FN:270,(anonymous_12)
FN:305,(anonymous_13)
FN:340,(anonymous_14)
FN:378,(anonymous_15)
FN:398,(anonymous_16)
FN:430,(anonymous_17)
FN:449,(anonymous_18)
FN:468,(anonymous_19)
FN:476,(anonymous_20)
FNF:21
FNH:21
FNDA:72,(anonymous_0)
FNDA:3,(anonymous_1)
FNDA:5,(anonymous_2)
FNDA:5,(anonymous_3)
FNDA:3,(anonymous_4)
FNDA:29,(anonymous_5)
FNDA:29,(anonymous_6)
FNDA:2,(anonymous_7)
FNDA:4,(anonymous_8)
FNDA:2,(anonymous_9)
FNDA:8,(anonymous_10)
FNDA:4,(anonymous_11)
FNDA:4,(anonymous_12)
FNDA:4,(anonymous_13)
FNDA:5,(anonymous_14)
FNDA:5,(anonymous_15)
FNDA:4,(anonymous_16)
FNDA:5,(anonymous_17)
FNDA:5,(anonymous_18)
FNDA:1,(anonymous_19)
FNDA:4,(anonymous_20)
DA:3,72
DA:4,72
DA:5,72
DA:6,72
DA:7,72
DA:11,3
DA:13,3
DA:17,5
DA:18,5
DA:19,5
DA:20,5
DA:24,5
DA:26,5
DA:27,0
DA:30,5
DA:31,3
DA:32,3
DA:34,2
DA:35,2
DA:40,3
DA:44,29
DA:45,29
DA:49,0
DA:50,0
DA:51,0
DA:53,29
DA:54,15
DA:57,14
DA:59,14
DA:61,12
DA:62,12
DA:64,12
DA:65,0
DA:70,12
DA:72,9
DA:73,9
DA:75,0
DA:76,0
DA:78,0
DA:79,0
DA:81,2
DA:82,2
DA:85,1
DA:88,12
DA:89,12
DA:91,15
DA:96,29
DA:97,29
DA:98,2
DA:100,2
DA:101,2
DA:103,2
DA:104,0
DA:107,2
DA:110,27
DA:111,3
DA:112,3
DA:113,3
DA:115,3
DA:116,0
DA:119,3
DA:122,24
DA:123,24
DA:124,1
DA:126,23
DA:128,1
DA:129,1
DA:134,2
DA:135,2
DA:136,1
DA:139,1
DA:140,1
DA:142,1
DA:143,1
DA:144,1
DA:145,0
DA:147,1
DA:148,1
DA:149,1
DA:151,0
DA:154,0
DA:155,0
DA:157,1
DA:159,1
DA:164,4
DA:165,4
DA:166,1
DA:169,3
DA:170,1
DA:172,1
DA:173,1
DA:174,1
DA:175,0
DA:177,1
DA:178,1
DA:179,0
DA:181,1
DA:182,1
DA:184,0
DA:187,2
DA:188,2
DA:189,1
DA:191,1
DA:193,2
DA:195,2
DA:199,2
DA:200,2
DA:201,0
DA:204,2
DA:205,1
DA:207,1
DA:208,1
DA:209,1
DA:210,0
DA:212,1
DA:213,1
DA:214,1
DA:217,1
DA:218,1
DA:219,0
DA:221,1
DA:223,2
DA:225,0
DA:226,0
DA:231,8
DA:235,4
DA:236,4
DA:237,1
DA:240,3
DA:241,2
DA:243,2
DA:244,1
DA:245,1
DA:246,0
DA:248,1
DA:249,1
DA:250,0
DA:252,1
DA:254,1
DA:257,1
DA:258,1
DA:259,0
DA:261,1
DA:263,3
DA:265,1
DA:266,1
DA:271,4
DA:272,4
DA:273,1
DA:276,3
DA:277,1
DA:279,1
DA:280,1
DA:281,1
DA:282,0
DA:284,1
DA:285,1
DA:286,0
DA:288,1
DA:289,1
DA:292,2
DA:293,2
DA:294,1
DA:296,1
DA:298,2
DA:300,2
DA:301,2
DA:306,4
DA:307,4
DA:308,1
DA:311,3
DA:312,2
DA:314,2
DA:315,1
DA:316,1
DA:317,0
DA:319,1
DA:320,1
DA:321,0
DA:323,1
DA:324,1
DA:327,1
DA:328,1
DA:329,0
DA:331,1
DA:333,3
DA:335,1
DA:336,1
DA:341,5
DA:342,5
DA:343,1
DA:346,4
DA:347,1
DA:349,1
DA:350,1
DA:351,1
DA:352,1
DA:354,0
DA:355,0
DA:356,0
DA:358,0
DA:359,0
DA:362,3
DA:363,3
DA:364,1
DA:366,2
DA:367,2
DA:368,0
DA:370,2
DA:372,2
DA:374,3
DA:379,5
DA:380,5
DA:381,1
DA:384,4
DA:385,1
DA:388,3
DA:389,1
DA:392,2
DA:394,3
DA:399,4
DA:400,4
DA:401,1
DA:404,3
DA:405,2
DA:407,2
DA:408,2
DA:409,2
DA:410,1
DA:411,1
DA:412,1
DA:413,1
DA:414,1
DA:416,2
DA:419,1
DA:420,1
DA:421,0
DA:423,1
DA:426,1
DA:431,5
DA:432,5
DA:433,1
DA:436,4
DA:438,4
DA:439,4
DA:440,1
DA:443,3
DA:445,2
DA:450,5
DA:451,5
DA:452,1
DA:455,4
DA:457,4
DA:458,4
DA:459,1
DA:462,3
DA:464,2
DA:469,1
DA:470,1
DA:472,0
DA:477,4
DA:478,4
DA:479,1
DA:482,3
DA:483,2
DA:486,3
DA:488,1
LF:267
LH:228
BRDA:11,0,0,2
BRDA:11,0,1,1
BRDA:24,1,0,0
BRDA:24,1,1,5
BRDA:26,2,0,0
BRDA:26,2,1,5
BRDA:26,3,0,5
BRDA:26,3,1,0
BRDA:30,4,0,3
BRDA:30,4,1,2
BRDA:40,5,0,3
BRDA:40,5,1,1
BRDA:45,6,0,0
BRDA:45,6,1,29
BRDA:46,7,0,29
BRDA:46,7,1,15
BRDA:46,7,2,15
BRDA:53,8,0,15
BRDA:53,8,1,14
BRDA:59,9,0,2
BRDA:59,9,1,12
BRDA:59,10,0,14
BRDA:59,10,1,14
BRDA:64,11,0,0
BRDA:64,11,1,12
BRDA:64,12,0,12
BRDA:64,12,1,12
BRDA:70,13,0,9
BRDA:70,13,1,0
BRDA:70,13,2,0
BRDA:70,13,3,2
BRDA:70,13,4,0
BRDA:70,13,5,1
BRDA:81,14,0,1
BRDA:81,14,1,1
BRDA:97,15,0,2
BRDA:97,15,1,27
BRDA:100,16,0,1
BRDA:100,16,1,1
BRDA:103,17,0,0
BRDA:103,17,1,2
BRDA:103,18,0,2
BRDA:103,18,1,2
BRDA:103,18,2,2
BRDA:110,19,0,3
BRDA:110,19,1,24
BRDA:115,20,0,0
BRDA:115,20,1,3
BRDA:115,21,0,3
BRDA:115,21,1,3
BRDA:115,21,2,3
BRDA:123,22,0,1
BRDA:123,22,1,23
BRDA:135,23,0,1
BRDA:135,23,1,1
BRDA:139,24,0,1
BRDA:139,24,1,0
BRDA:139,25,0,1
BRDA:139,25,1,1
BRDA:142,26,0,1
BRDA:142,26,1,0
BRDA:142,27,0,1
BRDA:142,27,1,1
BRDA:144,28,0,0
BRDA:144,28,1,1
BRDA:165,29,0,1
BRDA:165,29,1,3
BRDA:169,30,0,1
BRDA:169,30,1,2
BRDA:169,31,0,3
BRDA:169,31,1,1
BRDA:172,32,0,1
BRDA:172,32,1,0
BRDA:172,33,0,1
BRDA:172,33,1,1
BRDA:174,34,0,0
BRDA:174,34,1,1
BRDA:178,35,0,0
BRDA:178,35,1,1
BRDA:188,36,0,1
BRDA:188,36,1,1
BRDA:200,37,0,0
BRDA:200,37,1,2
BRDA:204,38,0,1
BRDA:204,38,1,1
BRDA:204,39,0,2
BRDA:204,39,1,1
BRDA:207,40,0,1
BRDA:207,40,1,0
BRDA:207,41,0,1
BRDA:207,41,1,1
BRDA:209,42,0,0
BRDA:209,42,1,1
BRDA:218,43,0,0
BRDA:218,43,1,1
BRDA:231,44,0,6
BRDA:231,44,1,2
BRDA:236,45,0,1
BRDA:236,45,1,3
BRDA:240,46,0,2
BRDA:240,46,1,1
BRDA:240,47,0,3
BRDA:240,47,1,2
BRDA:243,48,0,1
BRDA:243,48,1,1
BRDA:243,49,0,2
BRDA:243,49,1,2
BRDA:245,50,0,0
BRDA:245,50,1,1
BRDA:249,51,0,0
BRDA:249,51,1,1
BRDA:258,52,0,0
BRDA:258,52,1,1
BRDA:272,53,0,1
BRDA:272,53,1,3
BRDA:276,54,0,1
BRDA:276,54,1,2
BRDA:276,55,0,3
BRDA:276,55,1,1
BRDA:279,56,0,1
BRDA:279,56,1,0
BRDA:279,57,0,1
BRDA:279,57,1,1
BRDA:281,58,0,0
BRDA:281,58,1,1
BRDA:285,59,0,0
BRDA:285,59,1,1
BRDA:293,60,0,1
BRDA:293,60,1,1
BRDA:307,61,0,1
BRDA:307,61,1,3
BRDA:311,62,0,2
BRDA:311,62,1,1
BRDA:311,63,0,3
BRDA:311,63,1,2
BRDA:314,64,0,1
BRDA:314,64,1,1
BRDA:314,65,0,2
BRDA:314,65,1,2
BRDA:316,66,0,0
BRDA:316,66,1,1
BRDA:320,67,0,0
BRDA:320,67,1,1
BRDA:328,68,0,0
BRDA:328,68,1,1
BRDA:342,69,0,1
BRDA:342,69,1,4
BRDA:346,70,0,1
BRDA:346,70,1,3
BRDA:346,71,0,4
BRDA:346,71,1,1
BRDA:349,72,0,1
BRDA:349,72,1,0
BRDA:349,73,0,1
BRDA:349,73,1,1
BRDA:351,74,0,1
BRDA:351,74,1,0
BRDA:355,75,0,0
BRDA:355,75,1,0
BRDA:363,76,0,1
BRDA:363,76,1,2
BRDA:367,77,0,0
BRDA:367,77,1,2
BRDA:380,78,0,1
BRDA:380,78,1,4
BRDA:384,79,0,1
BRDA:384,79,1,3
BRDA:388,80,0,1
BRDA:388,80,1,2
BRDA:400,81,0,1
BRDA:400,81,1,3
BRDA:404,82,0,2
BRDA:404,82,1,1
BRDA:404,83,0,3
BRDA:404,83,1,2
BRDA:407,84,0,2
BRDA:407,84,1,0
BRDA:407,85,0,2
BRDA:407,85,1,2
BRDA:409,86,0,1
BRDA:409,86,1,1
BRDA:412,87,0,1
BRDA:412,87,1,0
BRDA:420,88,0,0
BRDA:420,88,1,1
BRDA:432,89,0,1
BRDA:432,89,1,4
BRDA:439,90,0,1
BRDA:439,90,1,3
BRDA:451,91,0,1
BRDA:451,91,1,4
BRDA:458,92,0,1
BRDA:458,92,1,3
BRDA:478,93,0,1
BRDA:478,93,1,3
BRDA:482,94,0,2
BRDA:482,94,1,1
BRF:197
BRH:160
end_of_record
